<?xml version='1.0'?>
<!DOCTYPE coverage SYSTEM "http://cobertura.sourceforge.net/xml/coverage-04.dtd">
<!--Generated by simplecov-cobertura version 3.1.0 (https://github.com/jessebs/simplecov-cobertura)-->
<coverage line-rate="0.9512" lines-covered="39" lines-valid="41" branches-covered="13" branches-valid="18" branch-rate="0.7222" complexity="0" version="0" timestamp="1763052630">
  <sources>
    <source>
      /home/user/picoruby-application-on-r2p2-esp32-development-kit/lib/reality_marble
    </source>
  </sources>
  <packages>
    <package name="reality_marble" line-rate="0.9512" branch-rate="0.7222" complexity="0">
      <classes>
        <class name="lib/reality_marble.rb" filename="lib/reality_marble.rb" line-rate="0.9512" branch-rate="0.7222" complexity="0">
          <methods/>
          <lines>
            <line number="1" hits="1" branch="false"/>
            <line number="27" hits="1" branch="false"/>
            <line number="28" hits="1" branch="false"/>
            <line number="31" hits="1" branch="false"/>
            <line number="32" hits="1" branch="false"/>
            <line number="34" hits="1" branch="false"/>
            <line number="35" hits="10" branch="false"/>
            <line number="44" hits="1" branch="false"/>
            <line number="45" hits="7" branch="false"/>
            <line number="46" hits="7" branch="false"/>
            <line number="53" hits="1" branch="false"/>
            <line number="55" hits="6" branch="false"/>
            <line number="56" hits="6" branch="false"/>
            <line number="57" hits="5" branch="false"/>
            <line number="58" hits="5" branch="false"/>
            <line number="59" hits="5" branch="false"/>
            <line number="62" hits="5" branch="false"/>
            <line number="63" hits="5" branch="true" condition-coverage="100% (1/1)"/>
            <line number="66" hits="5" branch="false"/>
            <line number="67" hits="4" branch="true" condition-coverage="100% (1/1)"/>
            <line number="68" hits="1" branch="true" condition-coverage="100% (1/1)"/>
            <line number="69" hits="1" branch="true" condition-coverage="100% (1/1)"/>
            <line number="71" hits="5" branch="false"/>
            <line number="74" hits="5" branch="false"/>
            <line number="75" hits="4" branch="true" condition-coverage="100% (1/1)"/>
            <line number="76" hits="6" branch="false"/>
            <line number="79" hits="1" branch="true" condition-coverage="100% (1/1)"/>
            <line number="80" hits="1" branch="false"/>
            <line number="86" hits="6" branch="false"/>
            <line number="88" hits="6" branch="false"/>
            <line number="91" hits="6" branch="false"/>
            <line number="92" hits="5" branch="false"/>
            <line number="93" hits="5" branch="true" condition-coverage="100% (1/1)"/>
            <line number="94" hits="4" branch="true" condition-coverage="100% (1/1)"/>
            <line number="96" hits="1" branch="true" condition-coverage="100% (1/1)"/>
            <line number="98" hits="0" branch="true" condition-coverage="0% (0/1)"/>
            <line number="99" hits="0" branch="true" condition-coverage="0% (0/1)"/>
            <line number="109" hits="1" branch="false"/>
            <line number="110" hits="10" branch="false"/>
            <line number="111" hits="10" branch="true" condition-coverage="100% (1/1)"/>
            <line number="112" hits="10" branch="false"/>
          </lines>
        </class>
      </classes>
    </package>
  </packages>
</coverage>